app/build/intermediates/manifest_merge_blame_file/debug/manifest-merger-blame-debug-report.txt
1<?xml version="1.0" encoding="utf-8"?>
2<manifest xmlns:android="http://schemas.android.com/apk/res/android"
3    package="com.example.foodtracker"
4    android:versionCode="1"
5    android:versionName="1.0" >
6
7    <uses-sdk
8        android:minSdkVersion="26"
8-->src/main/AndroidManifest.xml
9        android:targetSdkVersion="30" />
9-->src/main/AndroidManifest.xml
10
11    <uses-feature android:name="android.hardware.camera" />
11-->src/main/AndroidManifest.xml:52:5-60
11-->src/main/AndroidManifest.xml:52:19-57
12
13    <uses-permission android:name="android.permission.INTERNET" />
13-->src/main/AndroidManifest.xml:53:5-67
13-->src/main/AndroidManifest.xml:53:22-64
14    <uses-permission android:name="android.permission.ACCESS_NETWORK_STATE" />
14-->src/main/AndroidManifest.xml:54:5-79
14-->src/main/AndroidManifest.xml:54:22-76
15    <uses-permission android:name="android.permission.CAMERA" />
15-->src/main/AndroidManifest.xml:56:5-65
15-->src/main/AndroidManifest.xml:56:22-62
16
17    <queries>
17-->[androidx.camera:camera-extensions:1.0.0-alpha27] AndroidManifest.xml:24:5-28:15
18        <intent>
18-->[androidx.camera:camera-extensions:1.0.0-alpha27] AndroidManifest.xml:25:9-27:18
19            <action android:name="androidx.camera.extensions.action.VENDOR_ACTION" />
19-->[androidx.camera:camera-extensions:1.0.0-alpha27] AndroidManifest.xml:26:13-86
19-->[androidx.camera:camera-extensions:1.0.0-alpha27] AndroidManifest.xml:26:21-83
20        </intent>
21    </queries>
22
23    <application
23-->src/main/AndroidManifest.xml:5:5-50:19
24        android:name="com.example.foodtracker.Notif"
24-->src/main/AndroidManifest.xml:6:9-30
25        android:allowBackup="true"
25-->src/main/AndroidManifest.xml:7:9-35
26        android:appComponentFactory="androidx.core.app.CoreComponentFactory"
26-->[androidx.core:core:1.5.0] AndroidManifest.xml:24:18-86
27        android:debuggable="true"
28        android:extractNativeLibs="false"
29        android:icon="@mipmap/ic_launcher"
29-->src/main/AndroidManifest.xml:8:9-43
30        android:label="@string/app_name"
30-->src/main/AndroidManifest.xml:9:9-41
31        android:roundIcon="@mipmap/ic_launcher_round"
31-->src/main/AndroidManifest.xml:10:9-54
32        android:supportsRtl="true"
32-->src/main/AndroidManifest.xml:11:9-35
33        android:testOnly="true"
34        android:theme="@style/Theme.FoodTracker" >
34-->src/main/AndroidManifest.xml:12:9-49
35        <activity android:name="com.example.foodtracker.AddActivity" >
35-->src/main/AndroidManifest.xml:13:9-19:20
35-->src/main/AndroidManifest.xml:13:19-46
36            <intent-filter>
36-->src/main/AndroidManifest.xml:14:13-18:29
37                <action android:name="com.example.foodtracker.INPUT_FOOD" />
37-->src/main/AndroidManifest.xml:15:17-77
37-->src/main/AndroidManifest.xml:15:25-74
38
39                <category android:name="android.intent.category.DEFAULT" />
39-->src/main/AndroidManifest.xml:17:17-76
39-->src/main/AndroidManifest.xml:17:27-73
40            </intent-filter>
41        </activity>
42        <activity android:name="com.example.foodtracker.ui.camera.CameraActivity" >
42-->src/main/AndroidManifest.xml:20:9-26:20
42-->src/main/AndroidManifest.xml:20:19-59
43            <intent-filter>
43-->src/main/AndroidManifest.xml:21:13-25:29
44                <action android:name="com.example.foodtracker.GET_DATE" />
44-->src/main/AndroidManifest.xml:22:17-75
44-->src/main/AndroidManifest.xml:22:25-72
45
46                <category android:name="android.intent.category.DEFAULT" />
46-->src/main/AndroidManifest.xml:17:17-76
46-->src/main/AndroidManifest.xml:17:27-73
47            </intent-filter>
48        </activity>
49        <activity
49-->src/main/AndroidManifest.xml:27:9-35:20
50            android:name="com.example.foodtracker.MainActivity"
50-->src/main/AndroidManifest.xml:28:13-41
51            android:label="@string/app_name" >
51-->src/main/AndroidManifest.xml:29:13-45
52            <intent-filter>
52-->src/main/AndroidManifest.xml:30:13-34:29
53                <action android:name="android.intent.action.MAIN" />
53-->src/main/AndroidManifest.xml:31:17-69
53-->src/main/AndroidManifest.xml:31:25-66
54
55                <category android:name="android.intent.category.LAUNCHER" />
55-->src/main/AndroidManifest.xml:33:17-77
55-->src/main/AndroidManifest.xml:33:27-74
56            </intent-filter>
57        </activity>
58
59        <meta-data
59-->src/main/AndroidManifest.xml:37:9-39:43
60            android:name="com.google.mlkit.vision.DEPENDENCIES"
60-->src/main/AndroidManifest.xml:38:13-64
61            android:value="ocr,barcode" />
61-->src/main/AndroidManifest.xml:39:13-40
62
63        <provider
63-->src/main/AndroidManifest.xml:41:9-49:20
64            android:name="androidx.core.content.FileProvider"
64-->src/main/AndroidManifest.xml:42:13-62
65            android:authorities="com.example.android.fileprovider"
65-->src/main/AndroidManifest.xml:43:13-67
66            android:exported="false"
66-->src/main/AndroidManifest.xml:44:13-37
67            android:grantUriPermissions="true" >
67-->src/main/AndroidManifest.xml:45:13-47
68            <meta-data
68-->src/main/AndroidManifest.xml:46:13-48:54
69                android:name="android.support.FILE_PROVIDER_PATHS"
69-->src/main/AndroidManifest.xml:47:17-67
70                android:resource="@xml/file_paths" />
70-->src/main/AndroidManifest.xml:48:17-51
71        </provider>
72
73        <service
73-->[com.google.android.gms:play-services-mlkit-text-recognition:16.3.0] AndroidManifest.xml:9:9-15:19
74            android:name="com.google.mlkit.common.internal.MlKitComponentDiscoveryService"
74-->[com.google.android.gms:play-services-mlkit-text-recognition:16.3.0] AndroidManifest.xml:10:13-91
75            android:directBootAware="true"
75-->[com.google.mlkit:common:17.2.0] AndroidManifest.xml:17:13-43
76            android:exported="false" >
76-->[com.google.android.gms:play-services-mlkit-text-recognition:16.3.0] AndroidManifest.xml:11:13-37
77            <meta-data
77-->[com.google.android.gms:play-services-mlkit-text-recognition:16.3.0] AndroidManifest.xml:12:13-14:85
78                android:name="com.google.firebase.components:com.google.mlkit.vision.text.internal.TextRegistrar"
78-->[com.google.android.gms:play-services-mlkit-text-recognition:16.3.0] AndroidManifest.xml:13:17-114
79                android:value="com.google.firebase.components.ComponentRegistrar" />
79-->[com.google.android.gms:play-services-mlkit-text-recognition:16.3.0] AndroidManifest.xml:14:17-82
80            <meta-data
80-->[com.google.android.gms:play-services-mlkit-barcode-scanning:16.2.0] AndroidManifest.xml:12:13-14:85
81                android:name="com.google.firebase.components:com.google.mlkit.vision.barcode.internal.BarcodeRegistrar"
81-->[com.google.android.gms:play-services-mlkit-barcode-scanning:16.2.0] AndroidManifest.xml:13:17-120
82                android:value="com.google.firebase.components.ComponentRegistrar" />
82-->[com.google.android.gms:play-services-mlkit-barcode-scanning:16.2.0] AndroidManifest.xml:14:17-82
83            <meta-data
83-->[com.google.mlkit:vision-common:16.5.0] AndroidManifest.xml:12:13-14:85
84                android:name="com.google.firebase.components:com.google.mlkit.vision.common.internal.VisionCommonRegistrar"
84-->[com.google.mlkit:vision-common:16.5.0] AndroidManifest.xml:13:17-124
85                android:value="com.google.firebase.components.ComponentRegistrar" />
85-->[com.google.mlkit:vision-common:16.5.0] AndroidManifest.xml:14:17-82
86            <meta-data
86-->[com.google.mlkit:common:17.2.0] AndroidManifest.xml:20:13-22:85
87                android:name="com.google.firebase.components:com.google.mlkit.common.internal.CommonComponentRegistrar"
87-->[com.google.mlkit:common:17.2.0] AndroidManifest.xml:21:17-120
88                android:value="com.google.firebase.components.ComponentRegistrar" />
88-->[com.google.mlkit:common:17.2.0] AndroidManifest.xml:22:17-82
89        </service>
90
91        <uses-library
91-->[androidx.camera:camera-extensions:1.0.0-alpha27] AndroidManifest.xml:31:9-33:40
92            android:name="androidx.camera.extensions.impl"
92-->[androidx.camera:camera-extensions:1.0.0-alpha27] AndroidManifest.xml:32:13-59
93            android:required="false" />
93-->[androidx.camera:camera-extensions:1.0.0-alpha27] AndroidManifest.xml:33:13-37
94
95        <service
95-->[androidx.camera:camera-camera2:1.1.0-alpha07] AndroidManifest.xml:26:9-35:19
96            android:name="androidx.camera.core.impl.MetadataHolderService"
96-->[androidx.camera:camera-camera2:1.1.0-alpha07] AndroidManifest.xml:27:13-75
97            android:enabled="false"
97-->[androidx.camera:camera-camera2:1.1.0-alpha07] AndroidManifest.xml:28:13-36
98            android:exported="false" >
98-->[androidx.camera:camera-camera2:1.1.0-alpha07] AndroidManifest.xml:29:13-37
99            <meta-data
99-->[androidx.camera:camera-camera2:1.1.0-alpha07] AndroidManifest.xml:32:13-34:89
100                android:name="androidx.camera.core.impl.MetadataHolderService.DEFAULT_CONFIG_PROVIDER"
100-->[androidx.camera:camera-camera2:1.1.0-alpha07] AndroidManifest.xml:33:17-103
101                android:value="androidx.camera.camera2.Camera2Config$DefaultProvider" />
101-->[androidx.camera:camera-camera2:1.1.0-alpha07] AndroidManifest.xml:34:17-86
102        </service>
103
104        <provider
104-->[com.google.mlkit:common:17.2.0] AndroidManifest.xml:9:9-13:38
105            android:name="com.google.mlkit.common.internal.MlKitInitProvider"
105-->[com.google.mlkit:common:17.2.0] AndroidManifest.xml:10:13-78
106            android:authorities="com.example.foodtracker.mlkitinitprovider"
106-->[com.google.mlkit:common:17.2.0] AndroidManifest.xml:11:13-69
107            android:exported="false"
107-->[com.google.mlkit:common:17.2.0] AndroidManifest.xml:12:13-37
108            android:initOrder="99" />
108-->[com.google.mlkit:common:17.2.0] AndroidManifest.xml:13:13-35
109
110        <activity
110-->[com.google.android.gms:play-services-base:17.6.0] AndroidManifest.xml:23:9-26:75
111            android:name="com.google.android.gms.common.api.GoogleApiActivity"
111-->[com.google.android.gms:play-services-base:17.6.0] AndroidManifest.xml:24:13-79
112            android:exported="false"
112-->[com.google.android.gms:play-services-base:17.6.0] AndroidManifest.xml:25:13-37
113            android:theme="@android:style/Theme.Translucent.NoTitleBar" />
113-->[com.google.android.gms:play-services-base:17.6.0] AndroidManifest.xml:26:13-72
114
115        <meta-data
115-->[com.google.android.gms:play-services-basement:17.6.0] AndroidManifest.xml:23:9-25:69
116            android:name="com.google.android.gms.version"
116-->[com.google.android.gms:play-services-basement:17.6.0] AndroidManifest.xml:24:13-58
117            android:value="@integer/google_play_services_version" />
117-->[com.google.android.gms:play-services-basement:17.6.0] AndroidManifest.xml:25:13-66
118
119        <service
119-->[com.google.android.datatransport:transport-backend-cct:2.3.3] AndroidManifest.xml:29:9-35:19
120            android:name="com.google.android.datatransport.runtime.backends.TransportBackendDiscovery"
120-->[com.google.android.datatransport:transport-backend-cct:2.3.3] AndroidManifest.xml:30:13-103
121            android:exported="false" >
121-->[com.google.android.datatransport:transport-backend-cct:2.3.3] AndroidManifest.xml:31:13-37
122            <meta-data
122-->[com.google.android.datatransport:transport-backend-cct:2.3.3] AndroidManifest.xml:32:13-34:39
123                android:name="backend:com.google.android.datatransport.cct.CctBackendFactory"
123-->[com.google.android.datatransport:transport-backend-cct:2.3.3] AndroidManifest.xml:33:17-94
124                android:value="cct" />
124-->[com.google.android.datatransport:transport-backend-cct:2.3.3] AndroidManifest.xml:34:17-36
125        </service>
126        <service
126-->[com.google.android.datatransport:transport-runtime:2.2.6] AndroidManifest.xml:26:9-30:19
127            android:name="com.google.android.datatransport.runtime.scheduling.jobscheduling.JobInfoSchedulerService"
127-->[com.google.android.datatransport:transport-runtime:2.2.6] AndroidManifest.xml:27:13-117
128            android:exported="false"
128-->[com.google.android.datatransport:transport-runtime:2.2.6] AndroidManifest.xml:28:13-37
129            android:permission="android.permission.BIND_JOB_SERVICE" >
129-->[com.google.android.datatransport:transport-runtime:2.2.6] AndroidManifest.xml:29:13-69
130        </service>
131
132        <receiver
132-->[com.google.android.datatransport:transport-runtime:2.2.6] AndroidManifest.xml:32:9-34:40
133            android:name="com.google.android.datatransport.runtime.scheduling.jobscheduling.AlarmManagerSchedulerBroadcastReceiver"
133-->[com.google.android.datatransport:transport-runtime:2.2.6] AndroidManifest.xml:33:13-132
134            android:exported="false" />
134-->[com.google.android.datatransport:transport-runtime:2.2.6] AndroidManifest.xml:34:13-37
135    </application>
136
137</manifest>